#
# A fatal error has been detected by the Java Runtime Environment:
#
#  SIGSEGV (0xb) at pc=0x00007fe3f61bf2f7, pid=49004, tid=49074
#
# JRE version: OpenJDK Runtime Environment (11.0.6+8) (build 11.0.6+8-b765.25)
# Java VM: OpenJDK 64-Bit Server VM (11.0.6+8-b765.25, mixed mode, tiered, compressed oops, concurrent mark sweep gc, linux-amd64)
# Problematic frame:
# C  [libc.so.6+0x512f7]  __run_exit_handlers+0x107
#
# Core dump will be written. Default location: Core dumps may be processed with "/usr/lib/systemd/systemd-coredump %P %u %g %s %t %c %h %e" (or dumping to /home/ars/core.49004)
#
# If you would like to submit a bug report, please visit:
#   http://bugreport.java.com/bugreport/crash.jsp
# The crash happened outside the Java Virtual Machine in native code.
# See problematic frame for where to report the bug.
#

---------------  S U M M A R Y ------------

Command Line: -Xms128m -Xmx951m -XX:ReservedCodeCacheSize=240m -XX:+UseConcMarkSweepGC -XX:SoftRefLRUPolicyMSPerMB=50 -ea -XX:CICompilerCount=2 -Dsun.io.useCanonPrefixCache=false -Djdk.http.auth.tunneling.disabledSchemes="" -XX:+HeapDumpOnOutOfMemoryError -XX:-OmitStackTraceInFastThrow -Djdk.attach.allowAttachSelf=true -Dkotlinx.coroutines.debug=off -Djdk.module.illegalAccess.silent=true -Dawt.useSystemAAFontSettings=lcd -Dsun.java2d.renderer=sun.java2d.marlin.MarlinRenderingEngine -Dsun.tools.attach.tmp.only=true -javaagent:/home/ars/.jetbrains/jetbrains-agent-v3.2.0.de72.619 -XX:ErrorFile=/home/ars/java_error_in_PHPSTORM_%p.log -XX:HeapDumpPath=/home/ars/java_error_in_PHPSTORM.hprof -Didea.paths.selector=PhpStorm2020.1 -Djb.vmOptionsFile=/home/ars/.config/JetBrains/PhpStorm2020.1/phpstorm64.vmoptions -Didea.platform.prefix=PhpStorm com.intellij.idea.Main

Host: Intel(R) Core(TM) i5-6300U CPU @ 2.40GHz, 4 cores, 7G, Oracle Linux Server release 8.8
Time: Sat Jul 22 08:55:06 2023 CEST elapsed time: 3584 seconds (0d 0h 59m 44s)

---------------  T H R E A D  ---------------

Current thread (0x00007fe35964f800):  JavaThread "JavaFX Application Thread" [_thread_in_native, id=49074, stack(0x00007fe33aa3e000,0x00007fe33ab3f000)]

Stack: [0x00007fe33aa3e000,0x00007fe33ab3f000],  sp=0x00007fe33ab3d3a0,  free space=1020k
Native frames: (J=compiled Java code, A=aot compiled Java code, j=interpreted, Vv=VM code, C=native code)
C  [libc.so.6+0x512f7]  __run_exit_handlers+0x107

Java frames: (J=compiled Java code, j=interpreted, Vv=VM code)
j  com.sun.glass.ui.gtk.GtkApplication._runLoop(Ljava/lang/Runnable;Z)V+0 javafx.graphics@11.0.6
j  com.sun.glass.ui.gtk.GtkApplication.lambda$runLoop$11(Ljava/lang/Runnable;Z)V+7 javafx.graphics@11.0.6
j  com.sun.glass.ui.gtk.GtkApplication$$Lambda$656.run()V+12 javafx.graphics@11.0.6
j  java.lang.Thread.run()V+11 java.base@11.0.6
v  ~StubRoutines::call_stub

siginfo: si_signo: 11 (SIGSEGV), si_code: 128 (SI_KERNEL), si_addr: 0x0000000000000000

Register to memory mapping:

RAX=0x00107c571dc1acb0 is an unknown value
RBX=0x0000000000000001 is an unknown value
RCX=0x0 is NULL
RDX=0x00007fe39c0d9c6f points into unknown readable memory: 00
RSP=0x00007fe33ab3d3a0 is pointing into the stack for thread: 0x00007fe35964f800
RBP=0x0000000000000001 is an unknown value
RSI=0x0000000000000001 is an unknown value
RDI=0x00007fe3460344a0: <offset 0x000000000195c4a0> in /usr/lib64/dri/iris_dri.so at 0x00007fe3446d8000
R8 =0x0 is NULL
R9 =0x00007fe3c82d2aea points into unknown readable memory: 03 00 02 00 05 00
R10=0x0 is NULL
R11=0x0000000000000202 is an unknown value
R12=0x00007fe3f652d758: <offset 0x00000000003bf758> in /lib64/libc.so.6 at 0x00007fe3f616e000
R13=0x000000000000089b is an unknown value
R14=0x00007fe3f6532528: <offset 0x00000000003c4528> in /lib64/libc.so.6 at 0x00007fe3f616e000
R15=0x00007fe39c0e1ed0 points into unknown readable memory: e0 55 0e 9c e3 7f 00 00


Registers:
RAX=0x00107c571dc1acb0, RBX=0x0000000000000001, RCX=0x0000000000000000, RDX=0x00007fe39c0d9c6f
RSP=0x00007fe33ab3d3a0, RBP=0x0000000000000001, RSI=0x0000000000000001, RDI=0x00007fe3460344a0
R8 =0x0000000000000000, R9 =0x00007fe3c82d2aea, R10=0x0000000000000000, R11=0x0000000000000202
R12=0x00007fe3f652d758, R13=0x000000000000089b, R14=0x00007fe3f6532528, R15=0x00007fe39c0e1ed0
RIP=0x00007fe3f61bf2f7, EFLAGS=0x0000000000010202, CSGSFS=0x002b000000000033, ERR=0x0000000000000000
  TRAPNO=0x000000000000000d

Top of Stack: (sp=0x00007fe33ab3d3a0)
0x00007fe33ab3d3a0:   0000000000000000 000000015809ace0
0x00007fe33ab3d3b0:   00007fe33ab3d420 00007fe358099a90
0x00007fe33ab3d3c0:   0000000000000000 00007fe3c830fee0
0x00007fe33ab3d3d0:   00007fe33ab3d420 00007fe35809ace0 

Instructions: (pc=0x00007fe3f61bf2f7)
0x00007fe3f61bf1f7:   56 41 55 41 54 49 89 f4 55 89 fd 53 48 83 ec 18
0x00007fe3f61bf207:   89 54 24 0c 84 c9 0f 85 17 02 00 00 4c 8d 35 0e
0x00007fe3f61bf217:   33 37 00 bb 01 00 00 00 90 89 de 31 c0 83 3d 05
0x00007fe3f61bf227:   35 37 00 00 74 09 f0 41 0f b1 36 75 08 eb 1c 41
0x00007fe3f61bf237:   0f b1 36 74 16 49 8d 3e 48 81 ec 80 00 00 00 e8
0x00007fe3f61bf247:   25 2f fd ff 48 81 c4 80 00 00 00 4d 8b 3c 24 4d
0x00007fe3f61bf257:   85 ff 75 4a e9 55 01 00 00 48 83 fa 02 0f 84 e6
0x00007fe3f61bf267:   00 00 00 89 de 31 c0 83 3d bb 34 37 00 00 74 09
0x00007fe3f61bf277:   f0 41 0f b1 36 75 08 eb 1c 41 0f b1 36 74 16 49
0x00007fe3f61bf287:   8d 3e 48 81 ec 80 00 00 00 e8 db 2e fd ff 48 81
0x00007fe3f61bf297:   c4 80 00 00 00 4c 39 2d 7d 32 37 00 75 ad 49 8b
0x00007fe3f61bf2a7:   47 08 48 85 c0 0f 84 be 00 00 00 48 8d 50 ff 4c
0x00007fe3f61bf2b7:   8b 2d 63 32 37 00 49 89 57 08 83 3d 68 34 37 00
0x00007fe3f61bf2c7:   00 74 08 f0 41 ff 0e 75 07 eb 1b 41 ff 0e 74 16
0x00007fe3f61bf2d7:   49 8d 3e 48 81 ec 80 00 00 00 e8 ba 2e fd ff 48
0x00007fe3f61bf2e7:   81 c4 80 00 00 00 48 89 d0 48 c1 e0 05 4c 01 f8
0x00007fe3f61bf2f7:   48 8b 50 10 48 83 fa 03 74 37 48 83 fa 04 0f 85
0x00007fe3f61bf307:   55 ff ff ff 48 8b 50 18 48 c7 40 10 00 00 00 00
0x00007fe3f61bf317:   89 ee 48 c1 ca 11 64 48 33 14 25 30 00 00 00 48
0x00007fe3f61bf327:   8b 78 20 ff d2 e9 39 ff ff ff 0f 1f 80 00 00 00
0x00007fe3f61bf337:   00 48 8b 40 18 48 c1 c8 11 64 48 33 04 25 30 00
0x00007fe3f61bf347:   00 00 ff d0 e9 1a ff ff ff 48 8b 50 18 48 8b 70
0x00007fe3f61bf357:   20 89 ef 48 c1 ca 11 64 48 33 14 25 30 00 00 00
0x00007fe3f61bf367:   ff d2 e9 fc fe ff ff 66 90 49 8b 07 49 89 04 24
0x00007fe3f61bf377:   48 85 c0 74 08 4c 89 ff e8 6c 08 fd ff 83 3d a5
0x00007fe3f61bf387:   33 37 00 00 74 08 f0 41 ff 0e 75 07 eb 1b 41 ff
0x00007fe3f61bf397:   0e 74 16 49 8d 3e 48 81 ec 80 00 00 00 e8 f7 2d
0x00007fe3f61bf3a7:   fd ff 48 81 c4 80 00 00 00 e9 6b fe ff ff c6 05
0x00007fe3f61bf3b7:   50 f9 36 00 01 83 3d 6d 33 37 00 00 74 08 f0 41
0x00007fe3f61bf3c7:   ff 0e 75 07 eb 1b 41 ff 0e 74 16 49 8d 3e 48 81
0x00007fe3f61bf3d7:   ec 80 00 00 00 e8 bf 2d fd ff 48 81 c4 80 00 00
0x00007fe3f61bf3e7:   00 80 7c 24 0c 00 74 34 48 8d 1d 62 a4 36 00 48 


Stack slot to memory mapping:
stack at sp + 0 slots: 0x0 is NULL
stack at sp + 1 slots: 0x000000015809ace0 is an unknown value
stack at sp + 2 slots: 0x00007fe33ab3d420 is pointing into the stack for thread: 0x00007fe35964f800
stack at sp + 3 slots: 0x00007fe358099a90 points into unknown readable memory: 00 00 00 00 00 00 00 00
stack at sp + 4 slots: 0x0 is NULL
stack at sp + 5 slots: 0x00007fe3c830fee0 points into unknown readable memory: 50 19 0d f6 e3 7f 00 00
stack at sp + 6 slots: 0x00007fe33ab3d420 is pointing into the stack for thread: 0x00007fe35964f800
stack at sp + 7 slots: 0x00007fe35809ace0 points into unknown readable memory: 01 00 00 00 00 00 00 00


---------------  P R O C E S S  ---------------

Threads class SMR info:
_java_thread_list=0x00007fe3c4003cc0, length=31, elements={
0x00007fe3f020f800, 0x00007fe3f0213800, 0x00007fe3f022a800, 0x00007fe3f022c800,
0x00007fe3f022e800, 0x00007fe3f0230800, 0x00007fe3f02b8800, 0x00007fe3f067d000,
0x00007fe3f0015800, 0x00007fe398052800, 0x00007fe3981c3800, 0x00007fe380228800,
0x00007fe38022c000, 0x00007fe38023c800, 0x00007fe380242000, 0x00007fe3782e1000,
0x00007fe380397800, 0x00007fe35c01f800, 0x00007fe3786c1800, 0x00007fe360480000,
0x00007fe36048a000, 0x00007fe360483800, 0x00007fe35963f800, 0x00007fe35964f800,
0x00007fe38cedd800, 0x00007fe374df2800, 0x00007fe394001800, 0x00007fe3c4002000,
0x00007fe380ea1800, 0x00007fe381f68000, 0x00007fe3c4003000
}

Java Threads: ( => current thread )
  0x00007fe3f020f800 JavaThread "Reference Handler" daemon [_thread_blocked, id=49009, stack(0x00007fe3d4789000,0x00007fe3d488a000)]
  0x00007fe3f0213800 JavaThread "Finalizer" daemon [_thread_blocked, id=49010, stack(0x00007fe3d4688000,0x00007fe3d4789000)]
  0x00007fe3f022a800 JavaThread "Signal Dispatcher" daemon [_thread_blocked, id=49011, stack(0x00007fe3d42bc000,0x00007fe3d43bd000)]
  0x00007fe3f022c800 JavaThread "C2 CompilerThread0" daemon [_thread_in_vm, id=49012, stack(0x00007fe3d41bb000,0x00007fe3d42bc000)]
  0x00007fe3f022e800 JavaThread "C1 CompilerThread0" daemon [_thread_blocked, id=49013